Arguments: 
  C:\Program Files\nodejs\node.exe C:\Users\Administrator.DESKTOP-LQDRHRK\AppData\Roaming\npm\node_modules\yarn\bin\yarn.js init

PATH: 
  C:\Windows\system32;C:\Windows;C:\Windows\System32\Wbem;C:\Windows\System32\WindowsPowerShell\v1.0\;C:\Windows\System32\OpenSSH\;C:\Program Files (x86)\NVIDIA Corporation\PhysX\Common;C:\Program Files\NVIDIA Corporation\NVIDIA NvDLISR;C:\Program Files\nodejs\;D:\Git\cmd;C:\WINDOWS\system32;C:\WINDOWS;C:\WINDOWS\System32\Wbem;C:\WINDOWS\System32\WindowsPowerShell\v1.0\;C:\WINDOWS\System32\OpenSSH\;C:\Python27;D:\Redis\64bit;C:\Program Files\MySQL\MySQL Shell 8.0\bin\;C:\Users\Administrator.DESKTOP-LQDRHRK\AppData\Local\Programs\Python\Python39\Scripts\;C:\Users\Administrator.DESKTOP-LQDRHRK\AppData\Local\Programs\Python\Python39\;C:\Users\Administrator.DESKTOP-LQDRHRK\AppData\Local\Microsoft\WindowsApps;C:\Users\Administrator.DESKTOP-LQDRHRK\AppData\Roaming\npm;D:\VSCode\bin;

Yarn version: 
  1.22.10

Node version: 
  14.15.0

Platform: 
  win32 x64

Trace: 
  Error: canceled
      at Interface.<anonymous> (C:\Users\Administrator.DESKTOP-LQDRHRK\AppData\Roaming\npm\node_modules\yarn\lib\cli.js:136216:13)
      at Interface.emit (events.js:315:20)
      at Interface._ttyWrite (readline.js:875:16)
      at ReadStream.onkeypress (readline.js:213:10)
      at ReadStream.emit (events.js:315:20)
      at emitKeys (internal/readline/utils.js:345:14)
      at emitKeys.next (<anonymous>)
      at ReadStream.onData (readline.js:1144:36)
      at ReadStream.emit (events.js:315:20)
      at addChunk (_stream_readable.js:309:12)

npm manifest: 
  No manifest

yarn manifest: 
  No manifest

Lockfile: 
  No lockfile
